<testsuites id="" name="" tests="1" failures="0" skipped="0" errors="0" time="5.295115">
<testsuite name="article.spec.ts" timestamp="2024-01-03T08:12:55.565Z" hostname="chromium" tests="1" failures="0" skipped="0" time="3.981" errors="0">
<testcase name="delete article" classname="article.spec.ts" time="3.981">
</testcase>
</testsuite>
</testsuites>