<testsuites id="" name="" tests="1" failures="0" skipped="0" errors="0" time="3.388348">
<testsuite name="apiTests.spec.ts" timestamp="2023-12-29T16:39:40.740Z" hostname="chromium" tests="1" failures="0" skipped="0" time="2.858" errors="0">
<testcase name="gets the json from api and adds a new article" classname="apiTests.spec.ts" time="2.858">
</testcase>
</testsuite>
</testsuites>